<?xml version="1.0" encoding="UTF-8"?>
<!-- Generated by org.testng.reporters.JUnitXMLReporter -->
<testsuite ignored="11" hostname="WA000034" failures="0" tests="1" name="Default test" time="14.926" errors="0" timestamp="2023-06-29T12:08:36 IST">
  <testcase classname="com.Neckermann.TestClass.Collection_Functionality" name="Readmore_Readless_functionality" time="8.328"/>
  <testcase classname="com.Neckermann.TestClass.Collection_Functionality" name="check_title_ofcollection" time="0.0">
    <ignored/>
  </testcase> <!-- check_title_ofcollection -->
  <testcase classname="com.Neckermann.TestClass.Collection_Functionality" name="clickon_collections_from_hamburger" time="0.0">
    <ignored/>
  </testcase> <!-- clickon_collections_from_hamburger -->
  <testcase classname="com.Neckermann.TestClass.Collection_Functionality" name="socialmedia_facebook_Functionality" time="0.0">
    <ignored/>
  </testcase> <!-- socialmedia_facebook_Functionality -->
  <testcase classname="com.Neckermann.TestClass.Collection_Functionality" name="clickon_View_button" time="0.0">
    <ignored/>
  </testcase> <!-- clickon_View_button -->
  <testcase classname="com.Neckermann.TestClass.Collection_Functionality" name="Homepage_collection_visibilityofcomponents" time="0.0">
    <ignored/>
  </testcase> <!-- Homepage_collection_visibilityofcomponents -->
  <testcase classname="com.Neckermann.TestClass.Collection_Functionality" name="clickon_Home_from_hamburger" time="0.0">
    <ignored/>
  </testcase> <!-- clickon_Home_from_hamburger -->
  <testcase classname="com.Neckermann.TestClass.Collection_Functionality" name="socialmedia_twitter_Functionality" time="0.0">
    <ignored/>
  </testcase> <!-- socialmedia_twitter_Functionality -->
  <testcase classname="com.Neckermann.TestClass.Collection_Functionality" name="socialmedia_linkdin_Functionality" time="0.0">
    <ignored/>
  </testcase> <!-- socialmedia_linkdin_Functionality -->
  <testcase classname="com.Neckermann.TestClass.Collection_Functionality" name="clickon_Viewmore_button" time="0.0">
    <ignored/>
  </testcase> <!-- clickon_Viewmore_button -->
  <testcase classname="com.Neckermann.TestClass.Collection_Functionality" name="socialmedia_instagram_Functionality" time="0.0">
    <ignored/>
  </testcase> <!-- socialmedia_instagram_Functionality -->
  <testcase classname="com.Neckermann.TestClass.Collection_Functionality" name="clickoncomponentfrommorecollection" time="0.0">
    <ignored/>
  </testcase> <!-- clickoncomponentfrommorecollection -->
</testsuite> <!-- Default test -->
