<?xml version="1.0" encoding="UTF-8"?>
<!-- Generated by org.testng.reporters.JUnitXMLReporter -->
<testsuite ignored="0" hostname="WA000034" failures="0" tests="6" name="Default test" time="47.969" errors="0" timestamp="2023-07-05T17:24:06 IST">
  <testcase classname="com.Neckermann.TestClass.Verify_searchwidget_Breadcrumb_moredestination_visibility_on_DestinationPage_For_1_To_6_Destinations" name="Destination_searchwidget_Breadcrumb_moredestination_visibility" time="4.349"/>
  <testcase classname="com.Neckermann.TestClass.Verify_searchwidget_Breadcrumb_moredestination_visibility_on_DestinationPage_For_1_To_6_Destinations" name="Destination_searchwidget_Breadcrumb_moredestination_visibility" time="4.441"/>
  <testcase classname="com.Neckermann.TestClass.Verify_searchwidget_Breadcrumb_moredestination_visibility_on_DestinationPage_For_1_To_6_Destinations" name="Destination_searchwidget_Breadcrumb_moredestination_visibility" time="4.512"/>
  <testcase classname="com.Neckermann.TestClass.Verify_searchwidget_Breadcrumb_moredestination_visibility_on_DestinationPage_For_1_To_6_Destinations" name="Destination_searchwidget_Breadcrumb_moredestination_visibility" time="4.467"/>
  <testcase classname="com.Neckermann.TestClass.Verify_searchwidget_Breadcrumb_moredestination_visibility_on_DestinationPage_For_1_To_6_Destinations" name="Destination_searchwidget_Breadcrumb_moredestination_visibility" time="4.639"/>
  <testcase classname="com.Neckermann.TestClass.Verify_searchwidget_Breadcrumb_moredestination_visibility_on_DestinationPage_For_1_To_6_Destinations" name="Destination_searchwidget_Breadcrumb_moredestination_visibility" time="4.882"/>
</testsuite> <!-- Default test -->
