<?xml version="1.0" encoding="UTF-8"?>
<!-- Generated by org.testng.reporters.JUnitXMLReporter -->
<testsuite ignored="7" hostname="WA000034" failures="3" tests="3" name="Test" time="27.269" errors="0" timestamp="2023-06-19T17:33:14 IST">
  <testcase classname="com.Neckermann.TestClass.Footer__Functionality" name="Footer_SocialMedia_Facebook_Functionality" time="2.651">
    <failure type="org.openqa.selenium.ElementClickInterceptedException" message="element click intercepted: Element is not clickable at point (1347, 2017)
  (Session info: chrome=114.0.5735.134)
Build info: version: &amp;apos;4.8.1&amp;apos;, revision: &amp;apos;8ebccac989&amp;apos;
System info: os.name: &amp;apos;Windows 11&amp;apos;, os.arch: &amp;apos;amd64&amp;apos;, os.version: &amp;apos;10.0&amp;apos;, java.version: &amp;apos;17.0.5&amp;apos;
Driver info: org.openqa.selenium.chrome.ChromeDriver
Command: [7c21c91002eb9ba6e3fc01da025b21f2, clickElement {id=24A4062ECAAD141887B8DD5BF02C0A16_element_233}]
Capabilities {acceptInsecureCerts: false, browserName: chrome, browserVersion: 114.0.5735.134, chrome: {chromedriverVersion: 114.0.5735.90 (386bc09e8f4f..., userDataDir: C:\Users\PRIYAN~1\AppData\L...}, goog:chromeOptions: {debuggerAddress: localhost:50221}, networkConnectionEnabled: false, pageLoadStrategy: normal, platformName: WINDOWS, proxy: Proxy(), se:cdp: ws://localhost:50221/devtoo..., se:cdpVersion: 114.0.5735.134, setWindowRect: true, strictFileInteractability: false, timeouts: {implicit: 0, pageLoad: 300000, script: 30000}, unhandledPromptBehavior: dismiss and notify, webauthn:extension:credBlob: true, webauthn:extension:largeBlob: true, webauthn:extension:minPinLength: true, webauthn:extension:prf: true, webauthn:virtualAuthenticators: true}
Element: [[ChromeDriver: chrome on WINDOWS (7c21c91002eb9ba6e3fc01da025b21f2)] -&amp;gt; xpath: //div[@class=&amp;apos;footer_social_icons__XLV5Z&amp;apos;]/a[4]]
Session ID: 7c21c91002eb9ba6e3fc01da025b21f2">
      <![CDATA[org.openqa.selenium.ElementClickInterceptedException: element click intercepted: Element is not clickable at point (1347, 2017)
  (Session info: chrome=114.0.5735.134)
Build info: version: '4.8.1', revision: '8ebccac989'
System info: os.name: 'Windows 11', os.arch: 'amd64', os.version: '10.0', java.version: '17.0.5'
Driver info: org.openqa.selenium.chrome.ChromeDriver
Command: [7c21c91002eb9ba6e3fc01da025b21f2, clickElement {id=24A4062ECAAD141887B8DD5BF02C0A16_element_233}]
Capabilities {acceptInsecureCerts: false, browserName: chrome, browserVersion: 114.0.5735.134, chrome: {chromedriverVersion: 114.0.5735.90 (386bc09e8f4f..., userDataDir: C:\Users\PRIYAN~1\AppData\L...}, goog:chromeOptions: {debuggerAddress: localhost:50221}, networkConnectionEnabled: false, pageLoadStrategy: normal, platformName: WINDOWS, proxy: Proxy(), se:cdp: ws://localhost:50221/devtoo..., se:cdpVersion: 114.0.5735.134, setWindowRect: true, strictFileInteractability: false, timeouts: {implicit: 0, pageLoad: 300000, script: 30000}, unhandledPromptBehavior: dismiss and notify, webauthn:extension:credBlob: true, webauthn:extension:largeBlob: true, webauthn:extension:minPinLength: true, webauthn:extension:prf: true, webauthn:virtualAuthenticators: true}
Element: [[ChromeDriver: chrome on WINDOWS (7c21c91002eb9ba6e3fc01da025b21f2)] -> xpath: //div[@class='footer_social_icons__XLV5Z']/a[4]]
Session ID: 7c21c91002eb9ba6e3fc01da025b21f2
at org.openqa.selenium.remote.codec.w3c.W3CHttpResponseCodec.createException(W3CHttpResponseCodec.java:200)
at org.openqa.selenium.remote.codec.w3c.W3CHttpResponseCodec.decode(W3CHttpResponseCodec.java:133)
at org.openqa.selenium.remote.codec.w3c.W3CHttpResponseCodec.decode(W3CHttpResponseCodec.java:53)
at org.openqa.selenium.remote.HttpCommandExecutor.execute(HttpCommandExecutor.java:184)
at org.openqa.selenium.remote.service.DriverCommandExecutor.invokeExecute(DriverCommandExecutor.java:167)
at org.openqa.selenium.remote.service.DriverCommandExecutor.execute(DriverCommandExecutor.java:142)
at org.openqa.selenium.remote.RemoteWebDriver.execute(RemoteWebDriver.java:543)
at org.openqa.selenium.remote.RemoteWebElement.execute(RemoteWebElement.java:257)
at org.openqa.selenium.remote.RemoteWebElement.click(RemoteWebElement.java:78)
at org.openqa.selenium.support.pagefactory.internal.LocatingElementHandler.invoke(LocatingElementHandler.java:52)
at jdk.proxy2/jdk.proxy2.$Proxy20.click(Unknown Source)
at com.Neckermann.POMClasses.HomePOMClass.clcikonFacebookfromfooter(HomePOMClass.java:635)
at com.Neckermann.TestClass.Footer__Functionality.Footer_SocialMedia_Facebook_Functionality(Footer__Functionality.java:364)
at java.base/java.util.concurrent.ThreadPoolExecutor.runWorker(ThreadPoolExecutor.java:1136)
at java.base/java.util.concurrent.ThreadPoolExecutor$Worker.run(ThreadPoolExecutor.java:635)
at java.base/java.lang.Thread.run(Thread.java:833)
... Removed 21 stack frames]]>
    </failure>
  </testcase> <!-- Footer_SocialMedia_Facebook_Functionality -->
  <testcase classname="com.Neckermann.TestClass.Footer__Functionality" name="Footer_SocialMedia_Instagram_Functionality" time="3.703">
    <failure type="java.lang.AssertionError" message="expected [Neckermann Travel UK (&amp;amp;#064;neckermann_uk) • Instagram photos and videos] but found [Neckermann Travel UK (@neckermann_uk) • Instagram photos and videos]">
      <![CDATA[java.lang.AssertionError: expected [Neckermann Travel UK (&#064;neckermann_uk) • Instagram photos and videos] but found [Neckermann Travel UK (@neckermann_uk) • Instagram photos and videos]
at com.Neckermann.TestClass.Footer__Functionality.Footer_SocialMedia_Instagram_Functionality(Footer__Functionality.java:286)
at java.base/java.util.concurrent.ThreadPoolExecutor.runWorker(ThreadPoolExecutor.java:1136)
at java.base/java.util.concurrent.ThreadPoolExecutor$Worker.run(ThreadPoolExecutor.java:635)
at java.base/java.lang.Thread.run(Thread.java:833)
... Removed 18 stack frames]]>
    </failure>
  </testcase> <!-- Footer_SocialMedia_Instagram_Functionality -->
  <testcase classname="com.Neckermann.TestClass.Footer__Functionality" name="Footer_SocialMedia_Ticktok_Functionality" time="2.643">
    <failure type="org.openqa.selenium.ElementClickInterceptedException" message="element click intercepted: Element is not clickable at point (1283, 1389)
  (Session info: chrome=114.0.5735.134)
Build info: version: &amp;apos;4.8.1&amp;apos;, revision: &amp;apos;8ebccac989&amp;apos;
System info: os.name: &amp;apos;Windows 11&amp;apos;, os.arch: &amp;apos;amd64&amp;apos;, os.version: &amp;apos;10.0&amp;apos;, java.version: &amp;apos;17.0.5&amp;apos;
Driver info: org.openqa.selenium.chrome.ChromeDriver
Command: [414e4b724ad9e4b6beb9e5489445e0e1, clickElement {id=4F1AD57EAC79D632862C322342BD853C_element_237}]
Capabilities {acceptInsecureCerts: false, browserName: chrome, browserVersion: 114.0.5735.134, chrome: {chromedriverVersion: 114.0.5735.90 (386bc09e8f4f..., userDataDir: C:\Users\PRIYAN~1\AppData\L...}, goog:chromeOptions: {debuggerAddress: localhost:50340}, networkConnectionEnabled: false, pageLoadStrategy: normal, platformName: WINDOWS, proxy: Proxy(), se:cdp: ws://localhost:50340/devtoo..., se:cdpVersion: 114.0.5735.134, setWindowRect: true, strictFileInteractability: false, timeouts: {implicit: 0, pageLoad: 300000, script: 30000}, unhandledPromptBehavior: dismiss and notify, webauthn:extension:credBlob: true, webauthn:extension:largeBlob: true, webauthn:extension:minPinLength: true, webauthn:extension:prf: true, webauthn:virtualAuthenticators: true}
Element: [[ChromeDriver: chrome on WINDOWS (414e4b724ad9e4b6beb9e5489445e0e1)] -&amp;gt; xpath: //div[@class=&amp;apos;footer_social_icons__XLV5Z&amp;apos;]/a[3]]
Session ID: 414e4b724ad9e4b6beb9e5489445e0e1">
      <![CDATA[org.openqa.selenium.ElementClickInterceptedException: element click intercepted: Element is not clickable at point (1283, 1389)
  (Session info: chrome=114.0.5735.134)
Build info: version: '4.8.1', revision: '8ebccac989'
System info: os.name: 'Windows 11', os.arch: 'amd64', os.version: '10.0', java.version: '17.0.5'
Driver info: org.openqa.selenium.chrome.ChromeDriver
Command: [414e4b724ad9e4b6beb9e5489445e0e1, clickElement {id=4F1AD57EAC79D632862C322342BD853C_element_237}]
Capabilities {acceptInsecureCerts: false, browserName: chrome, browserVersion: 114.0.5735.134, chrome: {chromedriverVersion: 114.0.5735.90 (386bc09e8f4f..., userDataDir: C:\Users\PRIYAN~1\AppData\L...}, goog:chromeOptions: {debuggerAddress: localhost:50340}, networkConnectionEnabled: false, pageLoadStrategy: normal, platformName: WINDOWS, proxy: Proxy(), se:cdp: ws://localhost:50340/devtoo..., se:cdpVersion: 114.0.5735.134, setWindowRect: true, strictFileInteractability: false, timeouts: {implicit: 0, pageLoad: 300000, script: 30000}, unhandledPromptBehavior: dismiss and notify, webauthn:extension:credBlob: true, webauthn:extension:largeBlob: true, webauthn:extension:minPinLength: true, webauthn:extension:prf: true, webauthn:virtualAuthenticators: true}
Element: [[ChromeDriver: chrome on WINDOWS (414e4b724ad9e4b6beb9e5489445e0e1)] -> xpath: //div[@class='footer_social_icons__XLV5Z']/a[3]]
Session ID: 414e4b724ad9e4b6beb9e5489445e0e1
at org.openqa.selenium.remote.codec.w3c.W3CHttpResponseCodec.createException(W3CHttpResponseCodec.java:200)
at org.openqa.selenium.remote.codec.w3c.W3CHttpResponseCodec.decode(W3CHttpResponseCodec.java:133)
at org.openqa.selenium.remote.codec.w3c.W3CHttpResponseCodec.decode(W3CHttpResponseCodec.java:53)
at org.openqa.selenium.remote.HttpCommandExecutor.execute(HttpCommandExecutor.java:184)
at org.openqa.selenium.remote.service.DriverCommandExecutor.invokeExecute(DriverCommandExecutor.java:167)
at org.openqa.selenium.remote.service.DriverCommandExecutor.execute(DriverCommandExecutor.java:142)
at org.openqa.selenium.remote.RemoteWebDriver.execute(RemoteWebDriver.java:543)
at org.openqa.selenium.remote.RemoteWebElement.execute(RemoteWebElement.java:257)
at org.openqa.selenium.remote.RemoteWebElement.click(RemoteWebElement.java:78)
at org.openqa.selenium.support.pagefactory.internal.LocatingElementHandler.invoke(LocatingElementHandler.java:52)
at jdk.proxy2/jdk.proxy2.$Proxy20.click(Unknown Source)
at com.Neckermann.POMClasses.HomePOMClass.clcikonTicktockfromfooter(HomePOMClass.java:626)
at com.Neckermann.TestClass.Footer__Functionality.Footer_SocialMedia_Ticktok_Functionality(Footer__Functionality.java:336)
at java.base/java.util.concurrent.ThreadPoolExecutor.runWorker(ThreadPoolExecutor.java:1136)
at java.base/java.util.concurrent.ThreadPoolExecutor$Worker.run(ThreadPoolExecutor.java:635)
at java.base/java.lang.Thread.run(Thread.java:833)
... Removed 21 stack frames]]>
    </failure>
  </testcase> <!-- Footer_SocialMedia_Ticktok_Functionality -->
  <testcase classname="com.Neckermann.TestClass.Footer__Functionality" name="Footer_SocialMedia_Pininsert_Functionality" time="0.0">
    <ignored/>
  </testcase> <!-- Footer_SocialMedia_Pininsert_Functionality -->
  <testcase classname="com.Neckermann.TestClass.Footer__Functionality" name="Footer_container_visiblity_Functionality1" time="0.0">
    <ignored/>
  </testcase> <!-- Footer_container_visiblity_Functionality1 -->
  <testcase classname="com.Neckermann.TestClass.Footer__Functionality" name="Footer_Legal_Functionality" time="0.0">
    <ignored/>
  </testcase> <!-- Footer_Legal_Functionality -->
  <testcase classname="com.Neckermann.TestClass.Footer__Functionality" name="Footer_logo_visiblity_Functionality" time="0.0">
    <ignored/>
  </testcase> <!-- Footer_logo_visiblity_Functionality -->
  <testcase classname="com.Neckermann.TestClass.Footer__Functionality" name="Footer_clicklogo_Functionality" time="0.0">
    <ignored/>
  </testcase> <!-- Footer_clicklogo_Functionality -->
  <testcase classname="com.Neckermann.TestClass.Footer__Functionality" name="Footer_Holidays_Functionality" time="0.0">
    <ignored/>
  </testcase> <!-- Footer_Holidays_Functionality -->
  <testcase classname="com.Neckermann.TestClass.Footer__Functionality" name="Footer_company_Functionality" time="0.0">
    <ignored/>
  </testcase> <!-- Footer_company_Functionality -->
</testsuite> <!-- Test -->
