<?xml version="1.0" encoding="UTF-8"?>
<!-- Generated by org.testng.reporters.JUnitXMLReporter -->
<testsuite ignored="0" hostname="WA000034" failures="0" tests="3" name="Test" time="54.074" errors="0" timestamp="2023-07-20T11:36:44 IST">
  <testcase classname="com.Neckermann.TestClass.Verify_whether_User_click_on_Travel_advicelink_For_7_To_9_Destinations_onTravelGuidePage" name="visa_healthlink_Functionality" time="8.367"/>
  <testcase classname="com.Neckermann.TestClass.Verify_whether_User_click_on_Travel_advicelink_For_7_To_9_Destinations_onTravelGuidePage" name="visa_healthlink_Functionality" time="7.756"/>
  <testcase classname="com.Neckermann.TestClass.Verify_whether_User_click_on_Travel_advicelink_For_7_To_9_Destinations_onTravelGuidePage" name="visa_healthlink_Functionality" time="7.849"/>
</testsuite> <!-- Test -->
